[      40ms] [ERROR] Failed to load resource: the server responded with a status of 500 (Internal Server Error) @ http://localhost:8443/api/v1/activity?limit=8:0
[    1699ms] [ERROR] Failed to load resource: the server responded with a status of 500 (Internal Server Error) @ http://localhost:8443/api/v1/team/audit-log:0
[   13670ms] [ERROR] Failed to load resource: the server responded with a status of 500 (Internal Server Error) @ http://localhost:8443/api/v1/activity?limit=8:0
[  860302ms] [ERROR] Failed to load resource: net::ERR_CONNECTION_REFUSED @ http://localhost:8443/api/v1/team/members:0
[  860302ms] [ERROR] Failed to load resource: net::ERR_CONNECTION_REFUSED @ http://localhost:8443/api/v1/team/audit-log:0
[  860566ms] [ERROR] Failed to load resource: net::ERR_CONNECTION_REFUSED @ http://localhost:8443/api/v1/billing/plans:0
[  860970ms] [ERROR] Failed to load resource: net::ERR_CONNECTION_REFUSED @ http://localhost:8443/api/v1/billing/usage:0
[  865052ms] [ERROR] Failed to load resource: net::ERR_CONNECTION_REFUSED @ http://localhost:8443/api/v1/admin/system:0
[  865052ms] [ERROR] Failed to load resource: net::ERR_CONNECTION_REFUSED @ http://localhost:8443/api/v1/admin/tenants:0
[  865318ms] [ERROR] Failed to load resource: net::ERR_CONNECTION_REFUSED @ http://localhost:8443/api/v1/billing/plans:0
[  865607ms] [ERROR] Failed to load resource: net::ERR_CONNECTION_REFUSED @ http://localhost:8443/api/v1/billing/usage:0
[  865607ms] [ERROR] Failed to load resource: net::ERR_CONNECTION_REFUSED @ http://localhost:8443/api/v1/team/members:0
[  866167ms] [ERROR] Failed to load resource: net::ERR_CONNECTION_REFUSED @ http://localhost:8443/api/v1/team/audit-log:0
[  867549ms] [ERROR] Failed to load resource: net::ERR_CONNECTION_REFUSED @ http://localhost:8443/api/v1/admin/system:0
[  867549ms] [ERROR] Failed to load resource: net::ERR_CONNECTION_REFUSED @ http://localhost:8443/api/v1/admin/tenants:0
[  867673ms] [ERROR] Failed to load resource: net::ERR_CONNECTION_REFUSED @ http://localhost:8443/api/v1/billing/plans:0
[  867967ms] [ERROR] Failed to load resource: net::ERR_CONNECTION_REFUSED @ http://localhost:8443/api/v1/billing/usage:0
[  867967ms] [ERROR] Failed to load resource: net::ERR_CONNECTION_REFUSED @ http://localhost:8443/api/v1/team/members:0
[  868525ms] [ERROR] Failed to load resource: net::ERR_CONNECTION_REFUSED @ http://localhost:8443/api/v1/team/audit-log:0
[  869903ms] [ERROR] Failed to load resource: net::ERR_CONNECTION_REFUSED @ http://localhost:8443/api/v1/apps?page=1&per_page=50:0
[  869904ms] [ERROR] Failed to load resource: net::ERR_CONNECTION_REFUSED @ http://localhost:8443/api/v1/dashboard/stats:0
[  870028ms] [ERROR] Failed to load resource: net::ERR_CONNECTION_REFUSED @ http://localhost:8443/api/v1/apps?page=1&per_page=5:0
[  870319ms] [ERROR] Failed to load resource: net::ERR_CONNECTION_REFUSED @ http://localhost:8443/api/v1/activity?limit=8:0
[  870319ms] [ERROR] Failed to load resource: net::ERR_CONNECTION_REFUSED @ http://localhost:8443/api/v1/announcements:0
[  872249ms] [ERROR] Failed to load resource: net::ERR_CONNECTION_REFUSED @ http://localhost:8443/api/v1/apps?page=1&per_page=50:0
[  874179ms] [ERROR] Failed to load resource: net::ERR_CONNECTION_REFUSED @ http://localhost:8443/api/v1/dashboard/stats:0
[  874179ms] [ERROR] Failed to load resource: net::ERR_CONNECTION_REFUSED @ http://localhost:8443/api/v1/apps?page=1&per_page=5:0
[  874179ms] [ERROR] Failed to load resource: net::ERR_CONNECTION_REFUSED @ http://localhost:8443/api/v1/activity?limit=8:0
[  874179ms] [ERROR] Failed to load resource: net::ERR_CONNECTION_REFUSED @ http://localhost:8443/api/v1/announcements:0
[  875066ms] [ERROR] Failed to load resource: net::ERR_CONNECTION_REFUSED @ http://localhost:8443/api/v1/apps?page=1&per_page=50:0
[  884249ms] [ERROR] Failed to load resource: net::ERR_CONNECTION_REFUSED @ http://localhost:8443/api/v1/dashboard/stats:0
[  884250ms] [ERROR] Failed to load resource: net::ERR_CONNECTION_REFUSED @ http://localhost:8443/api/v1/apps?page=1&per_page=5:0
[  884250ms] [ERROR] Failed to load resource: net::ERR_CONNECTION_REFUSED @ http://localhost:8443/api/v1/activity?limit=8:0
[  884250ms] [ERROR] Failed to load resource: net::ERR_CONNECTION_REFUSED @ http://localhost:8443/api/v1/announcements:0
[  890658ms] [ERROR] Failed to load resource: net::ERR_CONNECTION_REFUSED @ http://localhost:8443/api/v1/apps?page=1&per_page=50:0
[  890906ms] [ERROR] Failed to load resource: net::ERR_CONNECTION_REFUSED @ http://localhost:8443/api/v1/marketplace?:0
[  894595ms] [ERROR] Failed to load resource: net::ERR_CONNECTION_REFUSED @ http://localhost:8443/api/v1/domains:0
[  894873ms] [ERROR] Failed to load resource: net::ERR_CONNECTION_REFUSED @ http://localhost:8443/api/v1/databases:0
[  895477ms] [ERROR] Failed to load resource: net::ERR_CONNECTION_REFUSED @ http://localhost:8443/api/v1/domains:0
[  901446ms] [ERROR] Failed to load resource: net::ERR_CONNECTION_REFUSED @ http://localhost:8443/api/v1/git/providers:0
[  901679ms] [ERROR] Failed to load resource: net::ERR_CONNECTION_REFUSED @ http://localhost:8443/api/v1/backups:0
[  902453ms] [ERROR] Failed to load resource: net::ERR_CONNECTION_REFUSED @ http://localhost:8443/api/v1/secrets:0
[  902976ms] [ERROR] Failed to load resource: net::ERR_CONNECTION_REFUSED @ http://localhost:8443/api/v1/marketplace?:0
[  903892ms] [ERROR] Failed to load resource: net::ERR_CONNECTION_REFUSED @ http://localhost:8443/api/v1/apps?page=1&per_page=50:0
[  904627ms] [ERROR] Failed to load resource: net::ERR_CONNECTION_REFUSED @ http://localhost:8443/api/v1/dashboard/stats:0
[  905405ms] [ERROR] Failed to load resource: net::ERR_CONNECTION_REFUSED @ http://localhost:8443/api/v1/apps?page=1&per_page=5:0
[  905405ms] [ERROR] Failed to load resource: net::ERR_CONNECTION_REFUSED @ http://localhost:8443/api/v1/activity?limit=8:0
[  905421ms] [ERROR] Failed to load resource: net::ERR_CONNECTION_REFUSED @ http://localhost:8443/api/v1/announcements:0
[  912291ms] [ERROR] Failed to load resource: net::ERR_CONNECTION_REFUSED @ http://localhost:8443/api/v1/git/providers:0
[  926723ms] [ERROR] Failed to load resource: net::ERR_CONNECTION_REFUSED @ http://localhost:8443/api/v1/dashboard/stats:0
[  926723ms] [ERROR] Failed to load resource: net::ERR_CONNECTION_REFUSED @ http://localhost:8443/api/v1/apps?page=1&per_page=5:0
[  926723ms] [ERROR] Failed to load resource: net::ERR_CONNECTION_REFUSED @ http://localhost:8443/api/v1/activity?limit=8:0
[  926723ms] [ERROR] Failed to load resource: net::ERR_CONNECTION_REFUSED @ http://localhost:8443/api/v1/announcements:0
[  926968ms] [ERROR] Failed to load resource: net::ERR_CONNECTION_REFUSED @ http://localhost:8443/api/v1/apps?page=1&per_page=50:0
[  927653ms] [ERROR] Failed to load resource: net::ERR_CONNECTION_REFUSED @ http://localhost:8443/api/v1/marketplace?:0
[  929065ms] [ERROR] Failed to load resource: net::ERR_CONNECTION_REFUSED @ http://localhost:8443/api/v1/dashboard/stats:0
[  929066ms] [ERROR] Failed to load resource: net::ERR_CONNECTION_REFUSED @ http://localhost:8443/api/v1/apps?page=1&per_page=5:0
[  929066ms] [ERROR] Failed to load resource: net::ERR_CONNECTION_REFUSED @ http://localhost:8443/api/v1/activity?limit=8:0
[  929066ms] [ERROR] Failed to load resource: net::ERR_CONNECTION_REFUSED @ http://localhost:8443/api/v1/announcements:0
[  929314ms] [ERROR] Failed to load resource: net::ERR_CONNECTION_REFUSED @ http://localhost:8443/api/v1/apps?page=1&per_page=50:0
[  930013ms] [ERROR] Failed to load resource: net::ERR_CONNECTION_REFUSED @ http://localhost:8443/api/v1/marketplace?:0
[  931414ms] [ERROR] Failed to load resource: net::ERR_CONNECTION_REFUSED @ http://localhost:8443/api/v1/databases:0
[ 1036316ms] [ERROR] Failed to load resource: net::ERR_CONNECTION_REFUSED @ http://localhost:8443/api/v1/dashboard/stats:0
[ 1036316ms] [ERROR] Failed to load resource: net::ERR_CONNECTION_REFUSED @ http://localhost:8443/api/v1/apps?page=1&per_page=5:0
[ 1036316ms] [ERROR] Failed to load resource: net::ERR_CONNECTION_REFUSED @ http://localhost:8443/api/v1/activity?limit=8:0
[ 1036316ms] [ERROR] Failed to load resource: net::ERR_CONNECTION_REFUSED @ http://localhost:8443/api/v1/announcements:0
[ 1036579ms] [ERROR] Failed to load resource: net::ERR_CONNECTION_REFUSED @ http://localhost:8443/api/v1/apps?page=1&per_page=50:0
[ 1037329ms] [ERROR] Failed to load resource: net::ERR_CONNECTION_REFUSED @ http://localhost:8443/api/v1/marketplace?:0
[ 1038839ms] [ERROR] Failed to load resource: net::ERR_CONNECTION_REFUSED @ http://localhost:8443/api/v1/dashboard/stats:0
[ 1038839ms] [ERROR] Failed to load resource: net::ERR_CONNECTION_REFUSED @ http://localhost:8443/api/v1/apps?page=1&per_page=5:0
[ 1038839ms] [ERROR] Failed to load resource: net::ERR_CONNECTION_REFUSED @ http://localhost:8443/api/v1/activity?limit=8:0
[ 1038839ms] [ERROR] Failed to load resource: net::ERR_CONNECTION_REFUSED @ http://localhost:8443/api/v1/announcements:0
[ 1038914ms] [ERROR] Failed to load resource: net::ERR_CONNECTION_REFUSED @ http://localhost:8443/api/v1/apps?page=1&per_page=50:0
[ 1039937ms] [ERROR] Failed to load resource: net::ERR_CONNECTION_REFUSED @ http://localhost:8443/api/v1/domains:0
[ 1041195ms] [ERROR] Failed to load resource: net::ERR_CONNECTION_REFUSED @ http://localhost:8443/api/v1/databases:0
[ 1041195ms] [ERROR] Failed to load resource: net::ERR_CONNECTION_REFUSED @ http://localhost:8443/api/v1/servers:0
[ 1041242ms] [ERROR] Failed to load resource: net::ERR_CONNECTION_REFUSED @ http://localhost:8443/api/v1/git/providers:0
[ 1042287ms] [ERROR] Failed to load resource: net::ERR_CONNECTION_REFUSED @ http://localhost:8443/api/v1/domains:0
[ 1043187ms] [ERROR] Failed to load resource: net::ERR_CONNECTION_REFUSED @ http://localhost:8443/api/v1/backups:0
[ 1043561ms] [ERROR] Failed to load resource: net::ERR_CONNECTION_REFUSED @ http://localhost:8443/api/v1/databases:0
[ 1043561ms] [ERROR] Failed to load resource: net::ERR_CONNECTION_REFUSED @ http://localhost:8443/api/v1/servers:0
[ 1043734ms] [ERROR] Failed to load resource: net::ERR_CONNECTION_REFUSED @ http://localhost:8443/api/v1/secrets:0
[ 1046102ms] [ERROR] Failed to load resource: net::ERR_CONNECTION_REFUSED @ http://localhost:8443/api/v1/secrets:0
[ 1049236ms] [ERROR] Failed to load resource: net::ERR_CONNECTION_REFUSED @ http://localhost:8443/api/v1/secrets:0
[ 1049501ms] [ERROR] Failed to load resource: net::ERR_CONNECTION_REFUSED @ http://localhost:8443/api/v1/team/members:0
[ 1050182ms] [ERROR] Failed to load resource: net::ERR_CONNECTION_REFUSED @ http://localhost:8443/api/v1/team/audit-log:0
[ 1056520ms] [ERROR] Failed to load resource: net::ERR_CONNECTION_REFUSED @ http://localhost:8443/api/v1/dashboard/stats:0
[ 1056521ms] [ERROR] Failed to load resource: net::ERR_CONNECTION_REFUSED @ http://localhost:8443/api/v1/apps?page=1&per_page=5:0
[ 1056521ms] [ERROR] Failed to load resource: net::ERR_CONNECTION_REFUSED @ http://localhost:8443/api/v1/activity?limit=8:0
[ 1056521ms] [ERROR] Failed to load resource: net::ERR_CONNECTION_REFUSED @ http://localhost:8443/api/v1/announcements:0
