[     123ms] [ERROR] Failed to load resource: the server responded with a status of 401 (Unauthorized) @ http://localhost:8443/api/v1/apps?page=1&per_page=5:0
[     123ms] [ERROR] Failed to load resource: the server responded with a status of 401 (Unauthorized) @ http://localhost:8443/api/v1/dashboard/stats:0
[     124ms] [ERROR] Failed to load resource: the server responded with a status of 401 (Unauthorized) @ http://localhost:8443/api/v1/activity?limit=5:0
[     126ms] [ERROR] Failed to load resource: the server responded with a status of 401 (Unauthorized) @ http://localhost:8443/api/v1/auth/refresh:0
[     127ms] [ERROR] Failed to load resource: the server responded with a status of 401 (Unauthorized) @ http://localhost:8443/api/v1/auth/refresh:0
[     127ms] [ERROR] Failed to load resource: the server responded with a status of 401 (Unauthorized) @ http://localhost:8443/api/v1/auth/refresh:0
[    7030ms] [ERROR] Failed to load resource: the server responded with a status of 500 (Internal Server Error) @ http://localhost:8443/api/v1/activity?limit=5:0
[   13760ms] [ERROR] Failed to load resource: the server responded with a status of 500 (Internal Server Error) @ http://localhost:8443/api/v1/marketplace?:0
[   15981ms] [ERROR] TypeError: (e || []).map is not a function
    at Qi (http://localhost:8443/assets/index-CHt-dDiL.js:11:108502)
    at wo (http://localhost:8443/assets/index-CHt-dDiL.js:8:47519)
    at gc (http://localhost:8443/assets/index-CHt-dDiL.js:8:69981)
    at Nc (http://localhost:8443/assets/index-CHt-dDiL.js:8:80247)
    at Mu (http://localhost:8443/assets/index-CHt-dDiL.js:8:115600)
    at ku (http://localhost:8443/assets/index-CHt-dDiL.js:8:114683)
    at Ou (http://localhost:8443/assets/index-CHt-dDiL.js:8:114522)
    at gu (http://localhost:8443/assets/index-CHt-dDiL.js:8:111391)
    at cd (http://localhost:8443/assets/index-CHt-dDiL.js:8:122906)
    at MessagePort.te (http://localhost:8443/assets/index-CHt-dDiL.js:1:10258) @ http://localhost:8443/assets/index-CHt-dDiL.js:7
[   22370ms] [ERROR] Failed to load resource: the server responded with a status of 500 (Internal Server Error) @ http://localhost:8443/api/v1/activity?limit=5:0
[   26030ms] [ERROR] TypeError: (e || []).map is not a function
    at ra (http://localhost:8443/assets/index-CHt-dDiL.js:11:126224)
    at wo (http://localhost:8443/assets/index-CHt-dDiL.js:8:47519)
    at gc (http://localhost:8443/assets/index-CHt-dDiL.js:8:69981)
    at Nc (http://localhost:8443/assets/index-CHt-dDiL.js:8:80247)
    at Mu (http://localhost:8443/assets/index-CHt-dDiL.js:8:115600)
    at ku (http://localhost:8443/assets/index-CHt-dDiL.js:8:114683)
    at Ou (http://localhost:8443/assets/index-CHt-dDiL.js:8:114522)
    at gu (http://localhost:8443/assets/index-CHt-dDiL.js:8:111391)
    at cd (http://localhost:8443/assets/index-CHt-dDiL.js:8:122906)
    at MessagePort.te (http://localhost:8443/assets/index-CHt-dDiL.js:1:10258) @ http://localhost:8443/assets/index-CHt-dDiL.js:7
[   27404ms] [ERROR] TypeError: (e || []).map is not a function
    at ra (http://localhost:8443/assets/index-CHt-dDiL.js:11:126224)
    at wo (http://localhost:8443/assets/index-CHt-dDiL.js:8:47519)
    at gc (http://localhost:8443/assets/index-CHt-dDiL.js:8:69981)
    at Nc (http://localhost:8443/assets/index-CHt-dDiL.js:8:80247)
    at Mu (http://localhost:8443/assets/index-CHt-dDiL.js:8:115600)
    at ku (http://localhost:8443/assets/index-CHt-dDiL.js:8:114683)
    at Ou (http://localhost:8443/assets/index-CHt-dDiL.js:8:114522)
    at gu (http://localhost:8443/assets/index-CHt-dDiL.js:8:111391)
    at cd (http://localhost:8443/assets/index-CHt-dDiL.js:8:122906)
    at MessagePort.te (http://localhost:8443/assets/index-CHt-dDiL.js:1:10258) @ http://localhost:8443/assets/index-CHt-dDiL.js:7
[   42838ms] [ERROR] TypeError: (e || []).map is not a function
    at na (http://localhost:8443/assets/index-CHt-dDiL.js:11:122154)
    at wo (http://localhost:8443/assets/index-CHt-dDiL.js:8:47519)
    at gc (http://localhost:8443/assets/index-CHt-dDiL.js:8:69981)
    at Nc (http://localhost:8443/assets/index-CHt-dDiL.js:8:80247)
    at Mu (http://localhost:8443/assets/index-CHt-dDiL.js:8:115600)
    at ku (http://localhost:8443/assets/index-CHt-dDiL.js:8:114683)
    at Ou (http://localhost:8443/assets/index-CHt-dDiL.js:8:114522)
    at gu (http://localhost:8443/assets/index-CHt-dDiL.js:8:111391)
    at cd (http://localhost:8443/assets/index-CHt-dDiL.js:8:122906)
    at MessagePort.te (http://localhost:8443/assets/index-CHt-dDiL.js:1:10258) @ http://localhost:8443/assets/index-CHt-dDiL.js:7
[   68689ms] [ERROR] Failed to load resource: the server responded with a status of 500 (Internal Server Error) @ http://localhost:8443/api/v1/team/audit-log:0
[   69405ms] [ERROR] TypeError: (e || []).map is not a function
    at na (http://localhost:8443/assets/index-CHt-dDiL.js:11:122154)
    at wo (http://localhost:8443/assets/index-CHt-dDiL.js:8:47519)
    at gc (http://localhost:8443/assets/index-CHt-dDiL.js:8:69981)
    at Nc (http://localhost:8443/assets/index-CHt-dDiL.js:8:80247)
    at Mu (http://localhost:8443/assets/index-CHt-dDiL.js:8:115600)
    at ku (http://localhost:8443/assets/index-CHt-dDiL.js:8:114683)
    at Ou (http://localhost:8443/assets/index-CHt-dDiL.js:8:114522)
    at gu (http://localhost:8443/assets/index-CHt-dDiL.js:8:111391)
    at cd (http://localhost:8443/assets/index-CHt-dDiL.js:8:122906)
    at MessagePort.te (http://localhost:8443/assets/index-CHt-dDiL.js:1:10258) @ http://localhost:8443/assets/index-CHt-dDiL.js:7
[   76070ms] [ERROR] Failed to load resource: the server responded with a status of 500 (Internal Server Error) @ http://localhost:8443/api/v1/marketplace?:0
[  129113ms] [ERROR] Failed to load resource: the server responded with a status of 401 (Unauthorized) @ http://localhost:8443/api/v1/apps?page=1&per_page=20:0
[  129114ms] [ERROR] Failed to load resource: the server responded with a status of 401 (Unauthorized) @ http://localhost:8443/api/v1/auth/refresh:0
