[   10022ms] [ERROR] Failed to load resource: the server responded with a status of 500 (Internal Server Error) @ http://localhost:8443/api/v1/activity?limit=8:0
[  194676ms] [ERROR] Failed to load resource: net::ERR_CONNECTION_REFUSED @ http://localhost:8443/api/v1/marketplace/deploy:0
[  200467ms] [ERROR] Failed to load resource: net::ERR_CONNECTION_REFUSED @ http://localhost:8443/api/v1/domains:0
[  200701ms] [ERROR] Failed to load resource: net::ERR_CONNECTION_REFUSED @ http://localhost:8443/api/v1/databases:0
[  201355ms] [ERROR] Failed to load resource: net::ERR_CONNECTION_REFUSED @ http://localhost:8443/api/v1/servers:0
[  202055ms] [ERROR] Failed to load resource: net::ERR_CONNECTION_REFUSED @ http://localhost:8443/api/v1/git/providers:0
[  203486ms] [ERROR] Failed to load resource: net::ERR_CONNECTION_REFUSED @ http://localhost:8443/api/v1/backups:0
[  204667ms] [ERROR] Failed to load resource: net::ERR_CONNECTION_REFUSED @ http://localhost:8443/api/v1/secrets:0
[  205357ms] [ERROR] Failed to load resource: net::ERR_CONNECTION_REFUSED @ http://localhost:8443/api/v1/secrets:0
[  207607ms] [ERROR] Failed to load resource: net::ERR_CONNECTION_REFUSED @ http://localhost:8443/api/v1/admin/tenants:0
[  208631ms] [ERROR] Failed to load resource: net::ERR_CONNECTION_REFUSED @ http://localhost:8443/api/v1/admin/system:0
[  208631ms] [ERROR] Failed to load resource: net::ERR_CONNECTION_REFUSED @ http://localhost:8443/api/v1/billing/plans:0
[  209409ms] [ERROR] Failed to load resource: net::ERR_CONNECTION_REFUSED @ http://localhost:8443/api/v1/billing/usage:0
[  209409ms] [ERROR] Failed to load resource: net::ERR_CONNECTION_REFUSED @ http://localhost:8443/api/v1/dashboard/stats:0
[  210916ms] [ERROR] Failed to load resource: net::ERR_CONNECTION_REFUSED @ http://localhost:8443/api/v1/apps?page=1&per_page=5:0
[  210916ms] [ERROR] Failed to load resource: net::ERR_CONNECTION_REFUSED @ http://localhost:8443/api/v1/activity?limit=8:0
[  210995ms] [ERROR] Failed to load resource: net::ERR_CONNECTION_REFUSED @ http://localhost:8443/api/v1/announcements:0
[  211925ms] [ERROR] Failed to load resource: net::ERR_CONNECTION_REFUSED @ http://localhost:8443/api/v1/apps?page=1&per_page=50:0
[  212529ms] [ERROR] Failed to load resource: net::ERR_CONNECTION_REFUSED @ http://localhost:8443/api/v1/dashboard/stats:0
[  213255ms] [ERROR] Failed to load resource: net::ERR_CONNECTION_REFUSED @ http://localhost:8443/api/v1/apps?page=1&per_page=5:0
[  213255ms] [ERROR] Failed to load resource: net::ERR_CONNECTION_REFUSED @ http://localhost:8443/api/v1/activity?limit=8:0
[  213344ms] [ERROR] Failed to load resource: net::ERR_CONNECTION_REFUSED @ http://localhost:8443/api/v1/announcements:0
[  214262ms] [ERROR] Failed to load resource: net::ERR_CONNECTION_REFUSED @ http://localhost:8443/api/v1/apps?page=1&per_page=50:0
[  214417ms] [ERROR] Failed to load resource: net::ERR_CONNECTION_REFUSED @ http://localhost:8443/api/v1/marketplace?:0
[  215601ms] [ERROR] Failed to load resource: net::ERR_CONNECTION_REFUSED @ http://localhost:8443/api/v1/dashboard/stats:0
[  215601ms] [ERROR] Failed to load resource: net::ERR_CONNECTION_REFUSED @ http://localhost:8443/api/v1/apps?page=1&per_page=5:0
[  215601ms] [ERROR] Failed to load resource: net::ERR_CONNECTION_REFUSED @ http://localhost:8443/api/v1/activity?limit=8:0
[  215693ms] [ERROR] Failed to load resource: net::ERR_CONNECTION_REFUSED @ http://localhost:8443/api/v1/announcements:0
[  216612ms] [ERROR] Failed to load resource: net::ERR_CONNECTION_REFUSED @ http://localhost:8443/api/v1/apps?page=1&per_page=50:0
[  228721ms] [ERROR] Failed to load resource: net::ERR_CONNECTION_REFUSED @ http://localhost:8443/api/v1/dashboard/stats:0
[  228722ms] [ERROR] Failed to load resource: net::ERR_CONNECTION_REFUSED @ http://localhost:8443/api/v1/apps?page=1&per_page=5:0
[  228722ms] [ERROR] Failed to load resource: net::ERR_CONNECTION_REFUSED @ http://localhost:8443/api/v1/activity?limit=8:0
[  228722ms] [ERROR] Failed to load resource: net::ERR_CONNECTION_REFUSED @ http://localhost:8443/api/v1/announcements:0
[  233571ms] [ERROR] Failed to load resource: net::ERR_CONNECTION_REFUSED @ http://localhost:8443/api/v1/admin/tenants:0
[  233572ms] [ERROR] Failed to load resource: net::ERR_CONNECTION_REFUSED @ http://localhost:8443/api/v1/admin/system:0
[  233835ms] [ERROR] Failed to load resource: net::ERR_CONNECTION_REFUSED @ http://localhost:8443/api/v1/billing/plans:0
[  234537ms] [ERROR] Failed to load resource: net::ERR_CONNECTION_REFUSED @ http://localhost:8443/api/v1/billing/usage:0
[  234537ms] [ERROR] Failed to load resource: net::ERR_CONNECTION_REFUSED @ http://localhost:8443/api/v1/team/members:0
[  235160ms] [ERROR] Failed to load resource: net::ERR_CONNECTION_REFUSED @ http://localhost:8443/api/v1/team/audit-log:0
[  235935ms] [ERROR] Failed to load resource: net::ERR_CONNECTION_REFUSED @ http://localhost:8443/api/v1/admin/tenants:0
[  235935ms] [ERROR] Failed to load resource: net::ERR_CONNECTION_REFUSED @ http://localhost:8443/api/v1/admin/system:0
[  244911ms] [ERROR] Failed to load resource: net::ERR_CONNECTION_REFUSED @ http://localhost:8443/api/v1/admin/settings:0
[  245177ms] [ERROR] Failed to load resource: net::ERR_CONNECTION_REFUSED @ http://localhost:8443/api/v1/billing/plans:0
[  245564ms] [ERROR] Failed to load resource: net::ERR_CONNECTION_REFUSED @ http://localhost:8443/api/v1/billing/usage:0
[  252718ms] [ERROR] Failed to load resource: net::ERR_CONNECTION_REFUSED @ http://localhost:8443/api/v1/team/members:0
[  252718ms] [ERROR] Failed to load resource: net::ERR_CONNECTION_REFUSED @ http://localhost:8443/api/v1/team/audit-log:0
[  260361ms] [ERROR] Failed to load resource: net::ERR_CONNECTION_REFUSED @ http://localhost:8443/api/v1/team/members:0
[  260361ms] [ERROR] Failed to load resource: net::ERR_CONNECTION_REFUSED @ http://localhost:8443/api/v1/team/audit-log:0
[  260596ms] [ERROR] Failed to load resource: net::ERR_CONNECTION_REFUSED @ http://localhost:8443/api/v1/backups:0
[  261778ms] [ERROR] Failed to load resource: net::ERR_CONNECTION_REFUSED @ http://localhost:8443/api/v1/secrets:0
[  266589ms] [ERROR] Failed to load resource: net::ERR_CONNECTION_REFUSED @ http://localhost:8443/api/v1/backups:0
[  266837ms] [ERROR] Failed to load resource: net::ERR_CONNECTION_REFUSED @ http://localhost:8443/api/v1/git/providers:0
[  282908ms] [ERROR] Failed to load resource: net::ERR_CONNECTION_REFUSED @ http://localhost:8443/api/v1/servers:0
[  296940ms] [ERROR] Failed to load resource: net::ERR_CONNECTION_REFUSED @ http://localhost:8443/api/v1/servers:0
[  296940ms] TypeError: Failed to fetch
    at rr (http://localhost:8443/assets/index-CSp0XFTB.js:11:27372)
    at Object.post (http://localhost:8443/assets/index-CSp0XFTB.js:11:28160)
    at v (http://localhost:8443/assets/index-CSp0XFTB.js:11:150833)
    at vd (http://localhost:8443/assets/index-CSp0XFTB.js:8:126191)
    at http://localhost:8443/assets/index-CSp0XFTB.js:8:131181
    at _n (http://localhost:8443/assets/index-CSp0XFTB.js:8:15081)
    at Cd (http://localhost:8443/assets/index-CSp0XFTB.js:8:127418)
    at up (http://localhost:8443/assets/index-CSp0XFTB.js:9:28474)
    at cp (http://localhost:8443/assets/index-CSp0XFTB.js:9:28296)
[  309186ms] [ERROR] Failed to load resource: net::ERR_CONNECTION_REFUSED @ http://localhost:8443/api/v1/databases:0
[  313942ms] [ERROR] Failed to load resource: net::ERR_CONNECTION_REFUSED @ http://localhost:8443/api/v1/databases:0
[  313942ms] TypeError: Failed to fetch
    at rr (http://localhost:8443/assets/index-CSp0XFTB.js:11:27372)
    at Object.post (http://localhost:8443/assets/index-CSp0XFTB.js:11:28160)
    at m (http://localhost:8443/assets/index-CSp0XFTB.js:11:145597)
    at vd (http://localhost:8443/assets/index-CSp0XFTB.js:8:126191)
    at http://localhost:8443/assets/index-CSp0XFTB.js:8:131181
    at _n (http://localhost:8443/assets/index-CSp0XFTB.js:8:15081)
    at Cd (http://localhost:8443/assets/index-CSp0XFTB.js:8:127418)
    at up (http://localhost:8443/assets/index-CSp0XFTB.js:9:28474)
    at cp (http://localhost:8443/assets/index-CSp0XFTB.js:9:28296)
[  316751ms] [ERROR] Failed to load resource: net::ERR_CONNECTION_REFUSED @ http://localhost:8443/api/v1/marketplace?:0
[  317032ms] [ERROR] Failed to load resource: net::ERR_CONNECTION_REFUSED @ http://localhost:8443/api/v1/apps?page=1&per_page=50:0
[  317251ms] [ERROR] Failed to load resource: net::ERR_CONNECTION_REFUSED @ http://localhost:8443/api/v1/dashboard/stats:0
[  317703ms] [ERROR] Failed to load resource: net::ERR_CONNECTION_REFUSED @ http://localhost:8443/api/v1/apps?page=1&per_page=5:0
[  317703ms] [ERROR] Failed to load resource: net::ERR_CONNECTION_REFUSED @ http://localhost:8443/api/v1/activity?limit=8:0
[  317703ms] [ERROR] Failed to load resource: net::ERR_CONNECTION_REFUSED @ http://localhost:8443/api/v1/announcements:0
[  322644ms] [ERROR] Failed to load resource: net::ERR_CONNECTION_REFUSED @ http://localhost:8443/api/v1/secrets:0
[  322905ms] [ERROR] Failed to load resource: net::ERR_CONNECTION_REFUSED @ http://localhost:8443/api/v1/marketplace?:0
